0 info it worked if it ends with ok
1 verbose cli [ '/home/box/Lab/local/bin/node',
1 verbose cli   '/home/box/Lab/local/bin/npm',
1 verbose cli   'install',
1 verbose cli   '-g',
1 verbose cli   'queryString',
1 verbose cli   'sails' ]
2 info using npm@1.4.28
3 info using node@v0.10.32
4 verbose cache add [ 'queryString', null ]
5 verbose cache add name=undefined spec="queryString" args=["queryString",null]
6 verbose parsed url { protocol: null,
6 verbose parsed url   slashes: null,
6 verbose parsed url   auth: null,
6 verbose parsed url   host: null,
6 verbose parsed url   port: null,
6 verbose parsed url   hostname: null,
6 verbose parsed url   hash: null,
6 verbose parsed url   search: null,
6 verbose parsed url   query: null,
6 verbose parsed url   pathname: 'queryString',
6 verbose parsed url   path: 'queryString',
6 verbose parsed url   href: 'queryString' }
7 verbose cache add [ 'sails', null ]
8 verbose cache add name=undefined spec="sails" args=["sails",null]
9 verbose parsed url { protocol: null,
9 verbose parsed url   slashes: null,
9 verbose parsed url   auth: null,
9 verbose parsed url   host: null,
9 verbose parsed url   port: null,
9 verbose parsed url   hostname: null,
9 verbose parsed url   hash: null,
9 verbose parsed url   search: null,
9 verbose parsed url   query: null,
9 verbose parsed url   pathname: 'sails',
9 verbose parsed url   path: 'sails',
9 verbose parsed url   href: 'sails' }
10 silly lockFile 4620283a-queryString queryString
11 verbose lock queryString /home/box/.npm/4620283a-queryString.lock
12 silly lockFile e20e6cdc-sails sails
13 verbose lock sails /home/box/.npm/e20e6cdc-sails.lock
14 silly lockFile 4620283a-queryString queryString
15 silly lockFile 4620283a-queryString queryString
16 silly lockFile e20e6cdc-sails sails
17 silly lockFile e20e6cdc-sails sails
18 verbose addNamed [ 'queryString', '' ]
19 verbose addNamed [ null, '*' ]
20 silly lockFile 8a89a0c6-queryString queryString@
21 verbose lock queryString@ /home/box/.npm/8a89a0c6-queryString.lock
22 verbose addNamed [ 'sails', '' ]
23 verbose addNamed [ null, '*' ]
24 silly lockFile 5291d548-sails sails@
25 verbose lock sails@ /home/box/.npm/5291d548-sails.lock
26 silly addNameRange { name: 'queryString', range: '*', hasData: false }
27 verbose request where is /queryString
28 verbose request registry https://registry.npmjs.org/
29 verbose request id 51650d3d5ddf18ae
30 verbose url raw /queryString
31 verbose url resolving [ 'https://registry.npmjs.org/', './queryString' ]
32 verbose url resolved https://registry.npmjs.org/queryString
33 verbose request where is https://registry.npmjs.org/queryString
34 info trying registry request attempt 1 at 21:27:41
35 http GET https://registry.npmjs.org/queryString
36 silly addNameRange { name: 'sails', range: '*', hasData: false }
37 verbose request where is /sails
38 verbose request registry https://registry.npmjs.org/
39 verbose url raw /sails
40 verbose url resolving [ 'https://registry.npmjs.org/', './sails' ]
41 verbose url resolved https://registry.npmjs.org/sails
42 verbose request where is https://registry.npmjs.org/sails
43 info trying registry request attempt 1 at 21:27:41
44 verbose etag "DWO0QOF2GMGXDGWGGD3VUTVRI"
45 http GET https://registry.npmjs.org/sails
46 info retry will retry, error on last attempt: Error: read ECONNRESET
47 info retry will retry, error on last attempt: Error: read ECONNRESET
48 info trying registry request attempt 2 at 21:28:19
49 verbose etag "DWO0QOF2GMGXDGWGGD3VUTVRI"
50 http GET https://registry.npmjs.org/sails
51 info trying registry request attempt 2 at 21:28:19
52 http GET https://registry.npmjs.org/queryString
53 http 304 https://registry.npmjs.org/sails
54 silly registry.get cb [ 304,
54 silly registry.get   { date: 'Mon, 10 Nov 2014 20:28:57 GMT',
54 silly registry.get     server: 'Apache',
54 silly registry.get     via: '1.1 varnish',
54 silly registry.get     'last-modified': 'Mon, 10 Nov 2014 20:28:58 GMT',
54 silly registry.get     'cache-control': 'max-age=60',
54 silly registry.get     etag: '"DWO0QOF2GMGXDGWGGD3VUTVRI"',
54 silly registry.get     age: '0',
54 silly registry.get     'x-served-by': 'cache-lcy1134-LCY',
54 silly registry.get     'x-cache': 'HIT',
54 silly registry.get     'x-cache-hits': '1',
54 silly registry.get     'x-timer': 'S1415651337.681758,VS0,VE642',
54 silly registry.get     vary: 'Accept',
54 silly registry.get     'content-length': '0',
54 silly registry.get     'keep-alive': 'timeout=10, max=50',
54 silly registry.get     connection: 'Keep-Alive' } ]
55 verbose etag https://registry.npmjs.org/sails from cache
56 silly addNameRange number 2 { name: 'sails', range: '*', hasData: true }
57 silly addNameRange versions [ 'sails',
57 silly addNameRange   [ '0.0.0',
57 silly addNameRange     '0.0.0-2',
57 silly addNameRange     '0.7.0',
57 silly addNameRange     '0.7.0-2',
57 silly addNameRange     '0.7.0-3',
57 silly addNameRange     '0.7.0-4',
57 silly addNameRange     '0.7.0-5',
57 silly addNameRange     '0.0.0-1',
57 silly addNameRange     '0.7.0-6',
57 silly addNameRange     '0.7.0-7',
57 silly addNameRange     '0.7.0-8',
57 silly addNameRange     '0.7.1',
57 silly addNameRange     '0.7.2',
57 silly addNameRange     '0.7.3',
57 silly addNameRange     '0.7.4',
57 silly addNameRange     '0.7.4-1',
57 silly addNameRange     '0.7.5-0',
57 silly addNameRange     '0.7.6-0',
57 silly addNameRange     '0.7.7',
57 silly addNameRange     '0.7.8',
57 silly addNameRange     '0.7.9',
57 silly addNameRange     '0.8.0',
57 silly addNameRange     '0.8.1',
57 silly addNameRange     '0.8.2',
57 silly addNameRange     '0.8.3',
57 silly addNameRange     '0.8.4',
57 silly addNameRange     '0.8.5',
57 silly addNameRange     '0.8.6',
57 silly addNameRange     '0.8.7',
57 silly addNameRange     '0.8.71',
57 silly addNameRange     '0.8.72',
57 silly addNameRange     '0.8.73',
57 silly addNameRange     '0.8.74',
57 silly addNameRange     '0.8.75',
57 silly addNameRange     '0.8.76',
57 silly addNameRange     '0.8.77',
57 silly addNameRange     '0.8.78',
57 silly addNameRange     '0.8.79',
57 silly addNameRange     '0.8.80',
57 silly addNameRange     '0.8.81',
57 silly addNameRange     '0.8.82',
57 silly addNameRange     '0.8.83',
57 silly addNameRange     '0.8.84',
57 silly addNameRange     '0.8.85',
57 silly addNameRange     '0.8.86',
57 silly addNameRange     '0.8.87',
57 silly addNameRange     '0.8.88',
57 silly addNameRange     '0.8.89',
57 silly addNameRange     '0.8.89-1',
57 silly addNameRange     '0.8.892',
57 silly addNameRange     '0.8.894',
57 silly addNameRange     '0.8.895',
57 silly addNameRange     '0.8.9',
57 silly addNameRange     '0.8.91',
57 silly addNameRange     '0.8.92',
57 silly addNameRange     '0.8.93',
57 silly addNameRange     '0.8.94',
57 silly addNameRange     '0.9.0',
57 silly addNameRange     '0.9.1',
57 silly addNameRange     '0.9.2',
57 silly addNameRange     '0.9.3',
57 silly addNameRange     '0.9.4',
57 silly addNameRange     '0.9.5',
57 silly addNameRange     '0.9.7',
57 silly addNameRange     '0.9.8',
57 silly addNameRange     '0.9.9',
57 silly addNameRange     '0.10.0-rc1',
57 silly addNameRange     '0.10.0-rc2',
57 silly addNameRange     '0.10.0-rc3',
57 silly addNameRange     '0.9.11',
57 silly addNameRange     '0.10.0-rc4',
57 silly addNameRange     '0.9.12',
57 silly addNameRange     '0.9.13',
57 silly addNameRange     '0.9.15',
57 silly addNameRange     '0.9.16',
57 silly addNameRange     '0.10.0-rc5',
57 silly addNameRange     '0.10.0-rc6',
57 silly addNameRange     '0.10.0-rc7',
57 silly addNameRange     '0.10.0-rc8',
57 silly addNameRange     '0.9.17',
57 silly addNameRange     '0.10.0-rc9',
57 silly addNameRange     '0.10.0-max',
57 silly addNameRange     '0.10.0-rc10',
57 silly addNameRange     '0.10.0-rc11',
57 silly addNameRange     '0.10.1',
57 silly addNameRange     '0.10.2',
57 silly addNameRange     '0.10.3',
57 silly addNameRange     '0.10.4',
57 silly addNameRange     '0.10.5' ] ]
58 verbose addNamed [ 'sails', '0.10.5' ]
59 verbose addNamed [ '0.10.5', '0.10.5' ]
60 silly lockFile 41d5a3b3-sails-0-10-5 sails@0.10.5
61 verbose lock sails@0.10.5 /home/box/.npm/41d5a3b3-sails-0-10-5.lock
62 silly lockFile 41d5a3b3-sails-0-10-5 sails@0.10.5
63 silly lockFile 41d5a3b3-sails-0-10-5 sails@0.10.5
64 silly lockFile 5291d548-sails sails@
65 silly lockFile 5291d548-sails sails@
66 http 404 https://registry.npmjs.org/queryString
67 verbose headers { date: 'Mon, 10 Nov 2014 20:29:09 GMT',
67 verbose headers   server: 'CouchDB/1.5.0 (Erlang OTP/R16B03)',
67 verbose headers   'content-type': 'application/json',
67 verbose headers   'cache-control': 'max-age=0',
67 verbose headers   'content-length': '52',
67 verbose headers   'accept-ranges': 'bytes',
67 verbose headers   via: '1.1 varnish',
67 verbose headers   age: '0',
67 verbose headers   'x-served-by': 'cache-lcy1120-LCY',
67 verbose headers   'x-cache': 'MISS',
67 verbose headers   'x-cache-hits': '0',
67 verbose headers   'x-timer': 'S1415651349.078343,VS0,VE621',
67 verbose headers   'keep-alive': 'timeout=10, max=50',
67 verbose headers   connection: 'Keep-Alive' }
68 silly registry.get cb [ 404,
68 silly registry.get   { date: 'Mon, 10 Nov 2014 20:29:09 GMT',
68 silly registry.get     server: 'CouchDB/1.5.0 (Erlang OTP/R16B03)',
68 silly registry.get     'content-type': 'application/json',
68 silly registry.get     'cache-control': 'max-age=0',
68 silly registry.get     'content-length': '52',
68 silly registry.get     'accept-ranges': 'bytes',
68 silly registry.get     via: '1.1 varnish',
68 silly registry.get     age: '0',
68 silly registry.get     'x-served-by': 'cache-lcy1120-LCY',
68 silly registry.get     'x-cache': 'MISS',
68 silly registry.get     'x-cache-hits': '0',
68 silly registry.get     'x-timer': 'S1415651349.078343,VS0,VE621',
68 silly registry.get     'keep-alive': 'timeout=10, max=50',
68 silly registry.get     connection: 'Keep-Alive' } ]
69 silly lockFile 8a89a0c6-queryString queryString@
70 silly lockFile 8a89a0c6-queryString queryString@
71 error 404 404 Not Found: queryString
71 error 404
71 error 404 'queryString' is not in the npm registry.
71 error 404 You should bug the author to publish it
71 error 404
71 error 404 Note that you can also install from a
71 error 404 tarball, folder, or http url, or git url.
72 error System Linux 3.13.0-39-generic
73 error command "/home/box/Lab/local/bin/node" "/home/box/Lab/local/bin/npm" "install" "-g" "queryString" "sails"
74 error cwd /home/box/Lab/github/pathmax/specs
75 error node -v v0.10.32
76 error npm -v 1.4.28
77 error code E404
78 verbose exit [ 1, true ]
